[hifilabs.co/images/HIFILABS/social-og.png]
[hifilabs.co/apple-touch-icon.png]
[backblue.gif]
[fade.gif]
[index.html]
[hifilabs.co/index.html]
[hifilabs.co/favicon-32x32.html]
[hifilabs.co/safari-pinned-tab.html]
[hifilabs.co/_next/static/css/75fb90901c2ee1f9.html]
[hifilabs.co/_next/static/chunks/polyfills-c67a75d1b6f99dc8.html]
[hifilabs.co/_next/static/chunks/webpack-fd418f31fe4b0d08.html]
[hifilabs.co/_next/static/chunks/main-c0364ec597719817.html]
[hifilabs.co/_next/static/chunks/837-c19bc76e77d41ef3.html]
[hifilabs.co/_next/static/chunks/framework-0ba0ddd33199226d.html]
[hifilabs.co/_next/static/chunks/pages/_app-ccef8dd21efcc9f9.html]
[hifilabs.co/_next/static/chunks/984-656420980a2b2a72.html]
[hifilabs.co/_next/static/chunks/739-32fc889ec63fd09b.html]
[hifilabs.co/_next/static/chunks/803-7cd30887c5daaa8a.html]
[hifilabs.co/_next/static/chunks/pages/index-453bea2c42b4bda8.html]
[hifilabs.co/_next/static/_qbKLC8NwpL61siZyGWi2/_ssgManifest.html]
[hifilabs.co/_next/static/_qbKLC8NwpL61siZyGWi2/_buildManifest.html]
[hifilabs.co/favicon-16x16.html]
[hifilabs.co/safari-pinned-tab.html]
[hifilabs.co/_next/static/css/75fb90901c2ee1f9.html]
[hifilabs.co/fonts/geneva-9-2.html]
[hifilabs.co/fonts/pixChicago.html]
